============================================================
PropEdge V9.1 — BATCH 0: GRADE + UPDATE
  2026-03-29 06:00 UTC+01:00
============================================================
  Grading: 2026-03-28

  Fetching box scores: 2026-03-28...
    6 games
  Fetched 129 logs
  ✓ Game logs: 23796 → 23925 (+129)
  ✓ Graded 58 plays: 33W/25L, 8 DNP
  ⚠ No daily Excel found for 2026-03-28
  Rebuilding H2H...
  ✓ H2H: 15487 pairs → h2h_database.csv
  Retraining model...
    Building training data (vectorised rolling)...
    Rows: 49,777  Players: 629
    Training rows after filters: 43,755
    Training samples: 43,755
    GBR: 219 trees (early stop from max 300)
    ✓ Model → projection_model.pkl
    ✓ Trust: 549 players → player_trust.json
    In-sample accuracy: 67.1%
  ✓ Git push: B0: grade 2026-03-28
  ✓ BATCH 0 complete
